<?xml version="1.0" encoding="UTF-8"?>
<testsuite name="PrimeCalculatorTest" tests="5" skipped="0" failures="0" errors="0" timestamp="2023-12-18T15:59:35" hostname="DESKTOP-JQAFNK7" time="15.998">
  <properties/>
  <testcase name="testUndefinedPrime" classname="PrimeCalculatorTest" time="0.05"/>
  <testcase name="testSixthPrime" classname="PrimeCalculatorTest" time="0.006"/>
  <testcase name="testFirstPrime" classname="PrimeCalculatorTest" time="0.001"/>
  <testcase name="testSecondPrime" classname="PrimeCalculatorTest" time="0.0"/>
  <testcase name="testBigPrime" classname="PrimeCalculatorTest" time="15.94"/>
  <system-out><![CDATA[]]></system-out>
  <system-err><![CDATA[]]></system-err>
</testsuite>
